<?xml version="1.0" encoding="UTF-8"?>
<!-- Generated by org.testng.reporters.JUnitXMLReporter -->
<testsuite hostname="Mikhails-MacBook-Pro.local" tests="4" failures="0" timestamp="20 Aug 2016 04:38:56 GMT" time="44.206" errors="0">
  <testcase name="checkLoginButtonText" time="0.082" classname="TestPage"/>
  <testcase name="checkTitle" time="0.01" classname="TestPage"/>
  <testcase name="login" time="38.37" classname="TestPage"/>
  <testcase name="validateFavoriteStarItem" time="1.195" classname="TestPage"/>
</testsuite>
